<?xml version="1.0" encoding="UTF-8"?>
<!-- Generated by org.testng.reporters.JUnitXMLReporter -->
<testsuite hostname="B15-IT-C22642" ignored="0" name="Default test" tests="6" failures="0" timestamp="2021-02-08T10:48:09 IST" time="0.106" errors="0">
  <testcase name="test1" time="0.016" classname="practice.GroupingOfTestcases"/>
  <testcase name="test2" time="0.001" classname="practice.GroupingOfTestcases"/>
  <testcase name="test3" time="0.001" classname="practice.GroupingOfTestcases"/>
  <testcase name="test4" time="0.003" classname="practice.GroupingOfTestcases"/>
  <testcase name="test5" time="0.006" classname="practice.GroupingOfTestcases"/>
  <testcase name="test6" time="0.002" classname="practice.GroupingOfTestcases"/>
</testsuite> <!-- Default test -->
