<?xml version="1.0" encoding="UTF-8"?>
<!-- Generated by org.testng.reporters.JUnitXMLReporter -->
<testsuite hostname="B15-IT-C22642" ignored="2" name="Test" tests="4" failures="0" timestamp="2021-02-08T11:02:00 IST" time="0.089" errors="0">
  <testcase name="test1" time="0.012" classname="practice.GroupingOfTestcases"/>
  <testcase name="test3" time="0.002" classname="practice.GroupingOfTestcases"/>
  <testcase name="test4" time="0.002" classname="practice.GroupingOfTestcases"/>
  <testcase name="test5" time="0.002" classname="practice.GroupingOfTestcases"/>
  <testcase name="test6" time="0.0" classname="practice.GroupingOfTestcases">
    <ignored/>
  </testcase> <!-- test6 -->
  <testcase name="test2" time="0.0" classname="practice.GroupingOfTestcases">
    <ignored/>
  </testcase> <!-- test2 -->
</testsuite> <!-- Test -->
