<?xml version="1.0" encoding="UTF-8"?>
<!-- Generated by org.testng.reporters.JUnitXMLReporter -->
<testsuite hostname="B15-IT-C22642" ignored="0" name="Firefox Test" tests="1" failures="1" timestamp="2021-01-20T10:43:30 IST" time="19.395" errors="0">
  <testcase name="loginTointranet" time="5.476" classname="com.intraloginTestCases.LoginToIntranet_TC_001">
    <failure type="java.lang.AssertionError" message="expected [true] but found [false]">
      <![CDATA[java.lang.AssertionError: expected [true] but found [false]
at com.intraloginTestCases.LoginToIntranet_TC_001.loginTointranet(LoginToIntranet_TC_001.java:31)
at java.util.ArrayList.forEach(Unknown Source)
... Removed 31 stack frames]]>
    </failure>
  </testcase> <!-- loginTointranet -->
</testsuite> <!-- Firefox Test -->
