<?xml version="1.0" encoding="UTF-8"?>
<testng-results skipped="0" failed="0" ignored="0" total="1" passed="1">
  <reporter-output>
  </reporter-output>
  <suite name="intrnetapplication" duration-ms="51257" started-at="2021-02-12T10:38:20 IST" finished-at="2021-02-12T10:39:12 IST">
    <groups>
    </groups>
    <test name="chrome Test" duration-ms="51257" started-at="2021-02-12T10:38:20 IST" finished-at="2021-02-12T10:39:12 IST">
      <class name="com.intraloginTestCases.LastMailDelivery_COD_UTILITY_TC_003">
        <test-method status="PASS" signature="open_browser(java.lang.String)[pri:0, instance:com.intraloginTestCases.LastMailDelivery_COD_UTILITY_TC_003@4b952a2d]" name="open_browser" is-config="true" duration-ms="17063" started-at="2021-02-12T10:38:21 IST" finished-at="2021-02-12T10:38:38 IST">
          <params>
            <param index="0">
              <value>
                <![CDATA[chrome]]>
              </value>
            </param>
          </params>
          <reporter-output>
          </reporter-output>
        </test-method> <!-- open_browser -->
        <test-method status="PASS" signature="CodMasterUtility()[pri:0, instance:com.intraloginTestCases.LastMailDelivery_COD_UTILITY_TC_003@4b952a2d]" name="CodMasterUtility" duration-ms="32561" started-at="2021-02-12T10:38:38 IST" finished-at="2021-02-12T10:39:11 IST">
          <reporter-output>
          </reporter-output>
        </test-method> <!-- CodMasterUtility -->
        <test-method status="PASS" signature="tearDown()[pri:0, instance:com.intraloginTestCases.LastMailDelivery_COD_UTILITY_TC_003@4b952a2d]" name="tearDown" is-config="true" duration-ms="918" started-at="2021-02-12T10:39:11 IST" finished-at="2021-02-12T10:39:12 IST">
          <reporter-output>
          </reporter-output>
        </test-method> <!-- tearDown -->
      </class> <!-- com.intraloginTestCases.LastMailDelivery_COD_UTILITY_TC_003 -->
    </test> <!-- chrome Test -->
  </suite> <!-- intrnetapplication -->
</testng-results>
