<?xml version="1.0" encoding="UTF-8"?>
<testng-results skipped="0" failed="0" ignored="2" total="6" passed="4">
  <reporter-output>
  </reporter-output>
  <suite name="Suite" duration-ms="89" started-at="2021-02-08T11:02:00 IST" finished-at="2021-02-08T11:02:00 IST">
    <groups>
      <group name="regression">
        <method signature="GroupingOfTestcases.test4()[pri:0, instance:practice.GroupingOfTestcases@6acdbdf5]" name="test4" class="practice.GroupingOfTestcases"/>
        <method signature="GroupingOfTestcases.test5()[pri:0, instance:practice.GroupingOfTestcases@6acdbdf5]" name="test5" class="practice.GroupingOfTestcases"/>
      </group> <!-- regression -->
      <group name="smoke">
        <method signature="GroupingOfTestcases.test1()[pri:0, instance:practice.GroupingOfTestcases@6acdbdf5]" name="test1" class="practice.GroupingOfTestcases"/>
        <method signature="GroupingOfTestcases.test3()[pri:0, instance:practice.GroupingOfTestcases@6acdbdf5]" name="test3" class="practice.GroupingOfTestcases"/>
      </group> <!-- smoke -->
      <group name="sanity">
        <method signature="GroupingOfTestcases.test3()[pri:0, instance:practice.GroupingOfTestcases@6acdbdf5]" name="test3" class="practice.GroupingOfTestcases"/>
        <method signature="GroupingOfTestcases.test5()[pri:0, instance:practice.GroupingOfTestcases@6acdbdf5]" name="test5" class="practice.GroupingOfTestcases"/>
      </group> <!-- sanity -->
    </groups>
    <test name="Test" duration-ms="89" started-at="2021-02-08T11:02:00 IST" finished-at="2021-02-08T11:02:00 IST">
      <class name="practice.GroupingOfTestcases">
        <test-method status="PASS" signature="test1()[pri:0, instance:practice.GroupingOfTestcases@6acdbdf5]" name="test1" duration-ms="12" started-at="2021-02-08T11:02:00 IST" finished-at="2021-02-08T11:02:00 IST">
          <reporter-output>
          </reporter-output>
        </test-method> <!-- test1 -->
        <test-method status="PASS" signature="test3()[pri:0, instance:practice.GroupingOfTestcases@6acdbdf5]" name="test3" duration-ms="2" started-at="2021-02-08T11:02:00 IST" finished-at="2021-02-08T11:02:00 IST">
          <reporter-output>
          </reporter-output>
        </test-method> <!-- test3 -->
        <test-method status="PASS" signature="test4()[pri:0, instance:practice.GroupingOfTestcases@6acdbdf5]" name="test4" duration-ms="2" started-at="2021-02-08T11:02:00 IST" finished-at="2021-02-08T11:02:00 IST">
          <reporter-output>
          </reporter-output>
        </test-method> <!-- test4 -->
        <test-method status="PASS" signature="test5()[pri:0, instance:practice.GroupingOfTestcases@6acdbdf5]" name="test5" duration-ms="2" started-at="2021-02-08T11:02:00 IST" finished-at="2021-02-08T11:02:00 IST">
          <reporter-output>
          </reporter-output>
        </test-method> <!-- test5 -->
      </class> <!-- practice.GroupingOfTestcases -->
    </test> <!-- Test -->
  </suite> <!-- Suite -->
</testng-results>
